execve("./a.out", ["./a.out"], 0x7ffc03c7b7b8 /* 26 vars */) = 0
brk(NULL)                               = 0x565346e38000
access("/etc/ld.so.preload", R_OK)      = -1 ENOENT (No such file or directory)
openat(AT_FDCWD, "/etc/ld.so.cache", O_RDONLY|O_CLOEXEC) = 3
fstat(3, {st_mode=S_IFREG|0644, st_size=32723, ...}) = 0
mmap(NULL, 32723, PROT_READ, MAP_PRIVATE, 3, 0) = 0x7fa63c920000
close(3)                                = 0
openat(AT_FDCWD, "/lib/x86_64-linux-gnu/libev.so.4", O_RDONLY|O_CLOEXEC) = 3
read(3, "\177ELF\2\1\1\0\0\0\0\0\0\0\0\0\3\0>\0\1\0\0\0\2406\0\0\0\0\0\0"..., 832) = 832
fstat(3, {st_mode=S_IFREG|0644, st_size=67432, ...}) = 0
mmap(NULL, 8192, PROT_READ|PROT_WRITE, MAP_PRIVATE|MAP_ANONYMOUS, -1, 0) = 0x7fa63c91e000
mmap(NULL, 72768, PROT_READ, MAP_PRIVATE|MAP_DENYWRITE, 3, 0) = 0x7fa63c90c000
mmap(0x7fa63c90f000, 36864, PROT_READ|PROT_EXEC, MAP_PRIVATE|MAP_FIXED|MAP_DENYWRITE, 3, 0x3000) = 0x7fa63c90f000
mmap(0x7fa63c918000, 16384, PROT_READ, MAP_PRIVATE|MAP_FIXED|MAP_DENYWRITE, 3, 0xc000) = 0x7fa63c918000
mmap(0x7fa63c91c000, 8192, PROT_READ|PROT_WRITE, MAP_PRIVATE|MAP_FIXED|MAP_DENYWRITE, 3, 0xf000) = 0x7fa63c91c000
close(3)                                = 0
openat(AT_FDCWD, "/lib/x86_64-linux-gnu/libpthread.so.0", O_RDONLY|O_CLOEXEC) = 3
read(3, "\177ELF\2\1\1\0\0\0\0\0\0\0\0\0\3\0>\0\1\0\0\0 |\0\0\0\0\0\0"..., 832) = 832
fstat(3, {st_mode=S_IFREG|0755, st_size=149520, ...}) = 0
mmap(NULL, 136304, PROT_READ, MAP_PRIVATE|MAP_DENYWRITE, 3, 0) = 0x7fa63c8ea000
mmap(0x7fa63c8f1000, 65536, PROT_READ|PROT_EXEC, MAP_PRIVATE|MAP_FIXED|MAP_DENYWRITE, 3, 0x7000) = 0x7fa63c8f1000
mmap(0x7fa63c901000, 20480, PROT_READ, MAP_PRIVATE|MAP_FIXED|MAP_DENYWRITE, 3, 0x17000) = 0x7fa63c901000
mmap(0x7fa63c906000, 8192, PROT_READ|PROT_WRITE, MAP_PRIVATE|MAP_FIXED|MAP_DENYWRITE, 3, 0x1b000) = 0x7fa63c906000
mmap(0x7fa63c908000, 13424, PROT_READ|PROT_WRITE, MAP_PRIVATE|MAP_FIXED|MAP_ANONYMOUS, -1, 0) = 0x7fa63c908000
close(3)                                = 0
openat(AT_FDCWD, "/lib/x86_64-linux-gnu/libc.so.6", O_RDONLY|O_CLOEXEC) = 3
read(3, "\177ELF\2\1\1\3\0\0\0\0\0\0\0\0\3\0>\0\1\0\0\0@n\2\0\0\0\0\0"..., 832) = 832
fstat(3, {st_mode=S_IFREG|0755, st_size=1839792, ...}) = 0
mmap(NULL, 1852680, PROT_READ, MAP_PRIVATE|MAP_DENYWRITE, 3, 0) = 0x7fa63c725000
mprotect(0x7fa63c74a000, 1662976, PROT_NONE) = 0
mmap(0x7fa63c74a000, 1355776, PROT_READ|PROT_EXEC, MAP_PRIVATE|MAP_FIXED|MAP_DENYWRITE, 3, 0x25000) = 0x7fa63c74a000
mmap(0x7fa63c895000, 303104, PROT_READ, MAP_PRIVATE|MAP_FIXED|MAP_DENYWRITE, 3, 0x170000) = 0x7fa63c895000
mmap(0x7fa63c8e0000, 24576, PROT_READ|PROT_WRITE, MAP_PRIVATE|MAP_FIXED|MAP_DENYWRITE, 3, 0x1ba000) = 0x7fa63c8e0000
mmap(0x7fa63c8e6000, 13576, PROT_READ|PROT_WRITE, MAP_PRIVATE|MAP_FIXED|MAP_ANONYMOUS, -1, 0) = 0x7fa63c8e6000
close(3)                                = 0
mmap(NULL, 12288, PROT_READ|PROT_WRITE, MAP_PRIVATE|MAP_ANONYMOUS, -1, 0) = 0x7fa63c722000
arch_prctl(ARCH_SET_FS, 0x7fa63c722740) = 0
mprotect(0x7fa63c8e0000, 12288, PROT_READ) = 0
mprotect(0x7fa63c906000, 4096, PROT_READ) = 0
mprotect(0x7fa63c91c000, 4096, PROT_READ) = 0
mprotect(0x565344f94000, 4096, PROT_READ) = 0
mprotect(0x7fa63c952000, 4096, PROT_READ) = 0
munmap(0x7fa63c920000, 32723)           = 0
set_tid_address(0x7fa63c722a10)         = 299973
set_robust_list(0x7fa63c722a20, 24)     = 0
rt_sigaction(SIGRTMIN, {sa_handler=0x7fa63c8f1690, sa_mask=[], sa_flags=SA_RESTORER|SA_SIGINFO, sa_restorer=0x7fa63c8fe140}, NULL, 8) = 0
rt_sigaction(SIGRT_1, {sa_handler=0x7fa63c8f1730, sa_mask=[], sa_flags=SA_RESTORER|SA_RESTART|SA_SIGINFO, sa_restorer=0x7fa63c8fe140}, NULL, 8) = 0
rt_sigprocmask(SIG_UNBLOCK, [RTMIN RT_1], NULL, 8) = 0
prlimit64(0, RLIMIT_STACK, NULL, {rlim_cur=8192*1024, rlim_max=RLIM64_INFINITY}) = 0
brk(NULL)                               = 0x565346e38000
brk(0x565346e59000)                     = 0x565346e59000
getuid()                                = 1000
geteuid()                               = 1000
getgid()                                = 1000
getegid()                               = 1000
uname({sysname="Linux", nodename="debian", ...}) = 0
epoll_create1(EPOLL_CLOEXEC)            = 3
socket(AF_INET, SOCK_STREAM, IPPROTO_TCP) = 4
mmap(NULL, 8392704, PROT_NONE, MAP_PRIVATE|MAP_ANONYMOUS|MAP_STACK, -1, 0) = 0x7fa63bf21000
mprotect(0x7fa63bf22000, 8388608, PROT_READ|PROT_WRITE) = 0
clone(child_stack=0x7fa63c720fb0, flags=CLONE_VM|CLONE_FS|CLONE_FILES|CLONE_SIGHAND|CLONE_THREAD|CLONE_SYSVSEM|CLONE_SETTLS|CLONE_PARENT_SETTID|CLONE_CHILD_CLEARTIDstrace: Process 299974 attached
, parent_tid=[299974], tls=0x7fa63c721700, child_tidptr=0x7fa63c7219d0) = 299974
[pid 299974] set_robust_list(0x7fa63c7219e0, 24 <unfinished ...>
[pid 299973] bind(4, {sa_family=AF_INET, sin_port=htons(12345), sin_addr=inet_addr("0.0.0.0")}, 16 <unfinished ...>
[pid 299974] <... set_robust_list resumed>) = 0
[pid 299973] <... bind resumed>)        = 0
[pid 299974] mmap(NULL, 134217728, PROT_NONE, MAP_PRIVATE|MAP_ANONYMOUS|MAP_NORESERVE, -1, 0 <unfinished ...>
[pid 299973] listen(4, 5 <unfinished ...>
[pid 299974] <... mmap resumed>)        = 0x7fa633f21000
[pid 299973] <... listen resumed>)      = 0
[pid 299974] munmap(0x7fa633f21000, 913408 <unfinished ...>
[pid 299973] epoll_ctl(3, EPOLL_CTL_ADD, 4, {EPOLLIN, {u32=4, u64=4294967300}} <unfinished ...>
[pid 299974] <... munmap resumed>)      = 0
[pid 299973] <... epoll_ctl resumed>)   = 0
[pid 299974] munmap(0x7fa638000000, 66195456 <unfinished ...>
[pid 299973] epoll_wait(3,  <unfinished ...>
[pid 299974] <... munmap resumed>)      = 0
[pid 299974] mprotect(0x7fa634000000, 135168, PROT_READ|PROT_WRITE) = 0
[pid 299974] getuid()                   = 1000
[pid 299974] geteuid()                  = 1000
[pid 299974] getgid()                   = 1000
[pid 299974] getegid()                  = 1000
[pid 299974] uname({sysname="Linux", nodename="debian", ...}) = 0
[pid 299974] epoll_create1(EPOLL_CLOEXEC) = 5
[pid 299974] socket(AF_INET, SOCK_STREAM, IPPROTO_TCP) = 6
[pid 299974] bind(6, {sa_family=AF_INET, sin_port=htons(54321), sin_addr=inet_addr("0.0.0.0")}, 16) = 0
[pid 299974] listen(6, 5)               = 0
[pid 299974] epoll_ctl(5, EPOLL_CTL_ADD, 6, {EPOLLIN, {u32=6, u64=4294967302}}) = 0
[pid 299974] epoll_wait(5,  <unfinished ...>
[pid 299973] <... epoll_wait resumed>[{EPOLLIN, {u32=4, u64=4294967300}}], 64, 59743) = 1
[pid 299973] accept(4, NULL, NULL)      = 7
[pid 299973] epoll_ctl(3, EPOLL_CTL_ADD, 7, {EPOLLIN, {u32=7, u64=4294967303}}) = 0
[pid 299973] epoll_wait(3, [{EPOLLIN, {u32=4, u64=4294967300}}], 64, 59743) = 1
[pid 299973] accept(4, NULL, NULL)      = 8
[pid 299973] epoll_ctl(3, EPOLL_CTL_ADD, 8, {EPOLLIN, {u32=8, u64=4294967304}}) = 0
[pid 299973] epoll_wait(3, [{EPOLLIN, {u32=7, u64=4294967303}}], 64, 59743) = 1
[pid 299973] recvfrom(7, "conn_1\r\n", 1024, MSG_NOSIGNAL, NULL, NULL) = 8
[pid 299973] sendto(7, "conn_1\r\n", 8, MSG_NOSIGNAL, NULL, 0) = 8
[pid 299973] epoll_wait(3, [{EPOLLIN, {u32=8, u64=4294967304}}], 64, 59743) = 1
[pid 299973] recvfrom(8, "conn_2\r\n", 1024, MSG_NOSIGNAL, NULL, NULL) = 8
[pid 299973] sendto(8, "conn_2\r\n", 8, MSG_NOSIGNAL, NULL, 0) = 8
[pid 299973] epoll_wait(3,  <unfinished ...>
[pid 299974] <... epoll_wait resumed>[], 64, 59743) = 0
[pid 299974] epoll_wait(5,  <unfinished ...>
[pid 299973] <... epoll_wait resumed>[{EPOLLIN, {u32=8, u64=4294967304}}], 64, 59743) = 1
[pid 299973] recvfrom(8, "", 1024, MSG_NOSIGNAL, NULL, NULL) = 0
[pid 299973] shutdown(8, SHUT_RDWR)     = 0
[pid 299973] close(8)                   = 0
[pid 299973] epoll_wait(3, [{EPOLLIN, {u32=7, u64=4294967303}}], 64, 59743) = 1
[pid 299973] recvfrom(7, "", 1024, MSG_NOSIGNAL, NULL, NULL) = 0
[pid 299973] shutdown(7, SHUT_RDWR)     = 0
[pid 299973] close(7)                   = 0
[pid 299973] epoll_wait(3, 0x565346e387b0, 64, 59743) = -1 EINTR (Interrupted system call)
strace: Process 299973 detached
strace: Process 299974 detached
